<?xml version="1.0" encoding="UTF-8"?>
<testng-results ignored="0" total="1" passed="1" failed="0" skipped="0">
  <reporter-output>
  </reporter-output>
  <suite started-at="2023-07-26T06:19:10 UTC" name="Default suite" finished-at="2023-07-26T06:19:12 UTC" duration-ms="1838">
    <groups>
    </groups>
    <test started-at="2023-07-26T06:19:10 UTC" name="Default test" finished-at="2023-07-26T06:19:12 UTC" duration-ms="1838">
      <class name="restassured.Flight_booking">
        <test-method signature="Flyawaya()[pri:0, instance:restassured.Flight_booking@5677323c]" started-at="2023-07-26T06:19:10 UTC" name="Flyawaya" finished-at="2023-07-26T06:19:12 UTC" duration-ms="1806" status="PASS">
          <reporter-output>
          </reporter-output>
        </test-method> <!-- Flyawaya -->
      </class> <!-- restassured.Flight_booking -->
    </test> <!-- Default test -->
  </suite> <!-- Default suite -->
</testng-results>
